<?xml version="1.0" encoding="UTF-8"?>
<!-- Generated by org.testng.reporters.JUnitXMLReporter -->
<testsuite hostname="Lenovo-PC" ignored="0" name="Default test" tests="11" failures="0" timestamp="10 May 2021 11:03:12 GMT" time="26.592" errors="0">
  <testcase name="testcase1" time="0.03" classname="com.javatpoint.Test_cases"/>
  <testcase name="testcase2" time="0.0" classname="com.javatpoint.Test_cases"/>
  <testcase name="test_to_success" time="0.01" classname="com.javatpoint.Test_cases"/>
  <testcase name="login" time="8.609" classname="com.javatpoint.Login"/>
  <testcase name="test1" time="0.01" classname="com.javatpoint.Testcase2"/>
  <testcase name="test1" time="0.023" classname="com.javatpoint.Test_methods"/>
  <testcase name="test2" time="0.002" classname="com.javatpoint.Test_methods"/>
  <testcase name="test1" time="0.012" classname="com.javatpoint.Testcase1"/>
  <testcase name="signIn" time="10.948" classname="com.javatpoint.Cowin"/>
  <testcase name="testcase3" time="0.01" classname="com.javatpoint.Test_cases"/>
  <testcase name="home" time="0.0" classname="com.javatpoint.Login"/>
</testsuite> <!-- Default test -->
